2021-07-11 18:47:15.488  INFO 17528 --- [main] c.m.msa.zuul.MicroServiceApplication     : No active profile set, falling back to default profiles: default
2021-07-11 18:47:16.581  WARN 17528 --- [main] o.s.boot.actuate.endpoint.EndpointId     : Endpoint ID 'service-registry' contains invalid characters, please migrate to a valid format.
2021-07-11 18:47:16.597  WARN 17528 --- [main] o.s.boot.actuate.endpoint.EndpointId     : Endpoint ID 'hystrix.stream' contains invalid characters, please migrate to a valid format.
2021-07-11 18:47:17.019  INFO 17528 --- [main] o.s.cloud.context.scope.GenericScope     : BeanFactory id=7def1c4c-aa79-3d03-8efb-579805db0c91
2021-07-11 18:47:17.519  INFO 17528 --- [main] trationDelegate$BeanPostProcessorChecker : Bean 'org.springframework.cloud.autoconfigure.ConfigurationPropertiesRebinderAutoConfiguration' of type [org.springframework.cloud.autoconfigure.ConfigurationPropertiesRebinderAutoConfiguration$$EnhancerBySpringCGLIB$$c87046ec] is not eligible for getting processed by all BeanPostProcessors (for example: not eligible for auto-proxying)
2021-07-11 18:47:18.519  INFO 17528 --- [main] o.s.b.w.embedded.tomcat.TomcatWebServer  : Tomcat initialized with port(s): 9999 (http)
2021-07-11 18:47:18.581  INFO 17528 --- [main] o.apache.catalina.core.StandardService   : Starting service [Tomcat]
2021-07-11 18:47:18.581  INFO 17528 --- [main] org.apache.catalina.core.StandardEngine  : Starting Servlet engine: [Apache Tomcat/9.0.22]
2021-07-11 18:47:19.019  INFO 17528 --- [main] o.a.c.c.C.[Tomcat].[localhost].[/]       : Initializing Spring embedded WebApplicationContext
2021-07-11 18:47:19.034 DEBUG 17528 --- [main] o.s.web.context.ContextLoader            : Published root WebApplicationContext as ServletContext attribute with name [org.springframework.web.context.WebApplicationContext.ROOT]
2021-07-11 18:47:19.034  INFO 17528 --- [main] o.s.web.context.ContextLoader            : Root WebApplicationContext: initialization completed in 3500 ms
2021-07-11 18:47:19.222  WARN 17528 --- [main] c.n.c.sources.URLConfigurationSource     : No URLs will be polled as dynamic configuration sources.
2021-07-11 18:47:19.222  INFO 17528 --- [main] c.n.c.sources.URLConfigurationSource     : To enable URLs as dynamic configuration sources, define System property archaius.configurationSource.additionalUrls or make config.properties available on classpath.
2021-07-11 18:47:19.269  INFO 17528 --- [main] c.netflix.config.DynamicPropertyFactory  : DynamicPropertyFactory is initialized with configuration sources: com.netflix.config.ConcurrentCompositeConfiguration@341b13a8
2021-07-11 18:47:22.472 DEBUG 17528 --- [main] o.springframework.web.filter.CorsFilter  : Filter 'corsFilter' configured for use
2021-07-11 18:47:22.675  WARN 17528 --- [main] c.n.c.sources.URLConfigurationSource     : No URLs will be polled as dynamic configuration sources.
2021-07-11 18:47:22.675  INFO 17528 --- [main] c.n.c.sources.URLConfigurationSource     : To enable URLs as dynamic configuration sources, define System property archaius.configurationSource.additionalUrls or make config.properties available on classpath.
2021-07-11 18:47:22.878 DEBUG 17528 --- [main] o.s.w.s.handler.SimpleUrlHandlerMapping  : Patterns [/**/favicon.ico] in 'faviconHandlerMapping'
2021-07-11 18:47:23.081  INFO 17528 --- [main] o.s.s.concurrent.ThreadPoolTaskExecutor  : Initializing ExecutorService 'applicationTaskExecutor'
2021-07-11 18:47:23.097 DEBUG 17528 --- [main] s.w.s.m.m.a.RequestMappingHandlerAdapter : ControllerAdvice beans: 0 @ModelAttribute, 0 @InitBinder, 1 RequestBodyAdvice, 1 ResponseBodyAdvice
2021-07-11 18:47:23.191 DEBUG 17528 --- [main] s.w.s.m.m.a.RequestMappingHandlerMapping : 2 mappings in 'requestMappingHandlerMapping'
2021-07-11 18:47:23.222 DEBUG 17528 --- [main] o.s.w.s.handler.SimpleUrlHandlerMapping  : Patterns [/webjars/**, /**] in 'resourceHandlerMapping'
2021-07-11 18:47:23.238 DEBUG 17528 --- [main] .m.m.a.ExceptionHandlerExceptionResolver : ControllerAdvice beans: 0 @ExceptionHandler, 1 ResponseBodyAdvice
2021-07-11 18:47:24.285  INFO 17528 --- [main] o.s.c.n.zuul.ZuulFilterInitializer       : Starting filter initializer
2021-07-11 18:47:24.347  INFO 17528 --- [main] o.s.b.a.e.web.EndpointLinksResolver      : Exposing 2 endpoint(s) beneath base path '/actuator'
2021-07-11 18:47:24.519  INFO 17528 --- [main] o.s.c.n.eureka.InstanceInfoFactory       : Setting initial instance status as: STARTING
2021-07-11 18:47:24.706  INFO 17528 --- [main] com.netflix.discovery.DiscoveryClient    : Initializing Eureka in region us-east-1
2021-07-11 18:47:24.909  INFO 17528 --- [main] c.n.d.provider.DiscoveryJerseyProvider   : Using JSON encoding codec LegacyJacksonJson
2021-07-11 18:47:24.909  INFO 17528 --- [main] c.n.d.provider.DiscoveryJerseyProvider   : Using JSON decoding codec LegacyJacksonJson
2021-07-11 18:47:25.081  INFO 17528 --- [main] c.n.d.provider.DiscoveryJerseyProvider   : Using XML encoding codec XStreamXml
2021-07-11 18:47:25.081  INFO 17528 --- [main] c.n.d.provider.DiscoveryJerseyProvider   : Using XML decoding codec XStreamXml
2021-07-11 18:47:25.347  INFO 17528 --- [main] c.n.d.s.r.aws.ConfigClusterResolver      : Resolving eureka endpoints via configuration
2021-07-11 18:47:25.488  INFO 17528 --- [main] com.netflix.discovery.DiscoveryClient    : Disable delta property : false
2021-07-11 18:47:25.488  INFO 17528 --- [main] com.netflix.discovery.DiscoveryClient    : Single vip registry refresh property : null
2021-07-11 18:47:25.488  INFO 17528 --- [main] com.netflix.discovery.DiscoveryClient    : Force full registry fetch : false
2021-07-11 18:47:25.488  INFO 17528 --- [main] com.netflix.discovery.DiscoveryClient    : Application is null : false
2021-07-11 18:47:25.488  INFO 17528 --- [main] com.netflix.discovery.DiscoveryClient    : Registered Applications size is zero : true
2021-07-11 18:47:25.488  INFO 17528 --- [main] com.netflix.discovery.DiscoveryClient    : Application version is -1: true
2021-07-11 18:47:25.488  INFO 17528 --- [main] com.netflix.discovery.DiscoveryClient    : Getting all instance registry info from the eureka server
2021-07-11 18:47:25.722  INFO 17528 --- [main] com.netflix.discovery.DiscoveryClient    : The response status is 200
2021-07-11 18:47:25.722  INFO 17528 --- [main] com.netflix.discovery.DiscoveryClient    : Starting heartbeat executor: renew interval is: 30
2021-07-11 18:47:25.722  INFO 17528 --- [main] c.n.discovery.InstanceInfoReplicator     : InstanceInfoReplicator onDemand update allowed rate per min is 4
2021-07-11 18:47:25.738  INFO 17528 --- [main] com.netflix.discovery.DiscoveryClient    : Discovery Client initialized at timestamp 1625996845738 with initial instances count: 0
2021-07-11 18:47:25.738  INFO 17528 --- [main] o.s.c.n.e.s.EurekaServiceRegistry        : Registering application MSA-ARCHITECTURE-SERVER-ZUUL with eureka with status UP
2021-07-11 18:47:25.738  INFO 17528 --- [main] com.netflix.discovery.DiscoveryClient    : Saw local status change event StatusChangeEvent [timestamp=1625996845738, current=UP, previous=STARTING]
2021-07-11 18:47:25.784  INFO 17528 --- [DiscoveryClient-InstanceInfoReplicator-0] com.netflix.discovery.DiscoveryClient    : DiscoveryClient_MSA-ARCHITECTURE-SERVER-ZUUL/192.168.1.100: registering service...
2021-07-11 18:47:25.909  INFO 17528 --- [main] o.s.b.w.embedded.tomcat.TomcatWebServer  : Tomcat started on port(s): 9999 (http) with context path ''
2021-07-11 18:47:25.909  INFO 17528 --- [main] .s.c.n.e.s.EurekaAutoServiceRegistration : Updating port to 9999
2021-07-11 18:47:25.925  INFO 17528 --- [main] c.m.msa.zuul.MicroServiceApplication     : Started MicroServiceApplication in 12.171 seconds (JVM running for 13.569)
2021-07-11 18:47:25.972  INFO 17528 --- [DiscoveryClient-InstanceInfoReplicator-0] com.netflix.discovery.DiscoveryClient    : DiscoveryClient_MSA-ARCHITECTURE-SERVER-ZUUL/192.168.1.100 - registration status: 204
2021-07-11 18:47:55.738  INFO 17528 --- [DiscoveryClient-CacheRefreshExecutor-0] com.netflix.discovery.DiscoveryClient    : Disable delta property : false
2021-07-11 18:47:55.738  INFO 17528 --- [DiscoveryClient-CacheRefreshExecutor-0] com.netflix.discovery.DiscoveryClient    : Single vip registry refresh property : null
2021-07-11 18:47:55.738  INFO 17528 --- [DiscoveryClient-CacheRefreshExecutor-0] com.netflix.discovery.DiscoveryClient    : Force full registry fetch : false
2021-07-11 18:47:55.738  INFO 17528 --- [DiscoveryClient-CacheRefreshExecutor-0] com.netflix.discovery.DiscoveryClient    : Application is null : false
2021-07-11 18:47:55.738  INFO 17528 --- [DiscoveryClient-CacheRefreshExecutor-0] com.netflix.discovery.DiscoveryClient    : Registered Applications size is zero : true
2021-07-11 18:47:55.738  INFO 17528 --- [DiscoveryClient-CacheRefreshExecutor-0] com.netflix.discovery.DiscoveryClient    : Application version is -1: false
2021-07-11 18:47:55.738  INFO 17528 --- [DiscoveryClient-CacheRefreshExecutor-0] com.netflix.discovery.DiscoveryClient    : Getting all instance registry info from the eureka server
2021-07-11 18:47:55.816  INFO 17528 --- [DiscoveryClient-CacheRefreshExecutor-0] com.netflix.discovery.DiscoveryClient    : The response status is 200
2021-07-11 18:52:25.504  INFO 17528 --- [AsyncResolver-bootstrap-executor-0] c.n.d.s.r.aws.ConfigClusterResolver      : Resolving eureka endpoints via configuration
